uakari
uakaris
uberous
uberties
uberty
ubieties
ubiety
ubiquarian
ubiquinone
ubiquinones
ubiquitarian
ubiquitarians
ubiquitary
ubiquities
ubiquitous
ubiquitously
ubiquity
uckers
udal
udaller
udallers
udals
udder
uddered
udderful
udderless
udders
udo
udometer
udometers
udometric
udos
uds
uey
ueys
ufo
ufologies
ufologist
ufologists
ufology
ufos
ug
ugged
ugging
ugh
ughs
uglied
uglier
uglies
ugliest
uglification
uglifications
uglified
uglifies
uglify
uglifying
uglily
ugliness
uglinesses
ugly
uglying
ugs
ugsome
ugsomeness
ugsomenesses
uhlan
uhlans
uhuru
uhurus
uintahite
uintahites
uintaite
uintaites
uintathere
uintatheres
uitlander
uitlanders
ujamaa
ujamaas
ukase
ukases
uke
ukelele
ukeleles
ukes
ukulele
ukuleles
ulcer
ulcerate
ulcerated
ulcerates
ulcerating
ulceration
ulcerations
ulcerative
ulcered
ulcering
ulcerous
ulcerously
ulcerousness
ulcerousnesses
ulcers
ule
ulema
ulemas
ules
ulex
ulexes
ulichon
ulichons
ulicon
ulicons
uliginose
uliginous
ulikon
ulikons
ulitis
ulitises
ullage
ullaged
ullages
ullaging
ulling
ullings
ulmaceous
ulmin
ulmins
ulna
ulnae
ulnar
ulnare
ulnaria
uloses
ulosis
ulotrichies
ulotrichous
ulotrichy
ulster
ulstered
ulsterette
ulsterettes
ulsters
ulterior
ulteriorly
ultima
ultimacies
ultimacy
ultimas
ultimata
ultimate
ultimately
ultimates
ultimatum
ultimo
ultimogeniture
ultimogenitures
ultion
ultions
ultra
ultrabasic
ultracentrifugal
ultracentrifugation
ultracentrifugations
ultracentrifuge
ultracentrifuged
ultracentrifuges
ultracentrifuging
ultracrepidarian
ultracrepidarians
ultracrepidate
ultracrepidated
ultracrepidates
ultracrepidating
ultrafiche
ultrafiches
ultrafilter
ultrafiltered
ultrafiltering
ultrafilters
ultrafiltrate
ultrafiltrates
ultrafiltration
ultrafiltrations
ultraism
ultraisms
ultraist
ultraists
ultramarine
ultramarines
ultramicrochemistries
ultramicrochemistry
ultramicroscope
ultramicroscopes
ultramicroscopic
ultramicroscopies
ultramicroscopy
ultramicrotome
ultramicrotomes
ultramicrotomies
ultramicrotomy
ultramontane
ultramontanes
ultramontanism
ultramontanisms
ultramontanist
ultramontanists
ultramundane
ultrared
ultras
ultrasensual
ultrashort
ultrasonic
ultrasonically
ultrasonics
ultrasonographies
ultrasonography
ultrasound
ultrasounds
ultrastructure
ultrastructures
ultraviolet
ultroneous
ultroneously
ultroneousness
ultroneousnesses
ululant
ululate
ululated
ululates
ululating
ululation
ululations
ulva
ulvas
ulyie
ulyies
ulzie
ulzies
um
umbel
umbellar
umbellate
umbellated
umbellately
umbellifer
umbelliferous
umbellifers
umbellule
umbellules
umbels
umber
umbered
umbering
umbers
umbery
umbilical
umbilicate
umbilication
umbilications
umbilici
umbilicus
umbilicuses
umbles
umbo
umbonal
umbonate
umbonation
umbonations
umbones
umbos
umbra
umbracula
umbraculate
umbraculiform
umbraculum
umbrae
umbrage
umbraged
umbrageous
umbrageously
umbrageousness
umbrageousnesses
umbrages
umbraging
umbral
umbras
umbrated
umbratic
umbratical
umbratile
umbratilous
umbre
umbrel
umbrella
umbrellaed
umbrellas
umbrello
umbrelloes
umbrellos
umbrels
umbrere
umbreres
umbres
umbrette
umbrettes
umbriere
umbrieres
umbriferous
umbril
umbrils
umbrose
umbrous
umiak
umiaks
umlaut
umlauted
umlauting
umlauts
umph
umpirage
umpirages
umpire
umpired
umpires
umpireship
umpireships
umpiring
umpteen
umpteenth
umptieth
umpty
umquhile
umwhile
un
unabashed
unabated
unabbreviated
unable
unabolished
unabridged
unabrogated
unabsolved
unacademic
unaccented
unaccentuated
unacceptable
unacceptableness
unacceptablenesses
unacceptance
unacceptances
unaccommodated
unaccommodating
unaccompanied
unaccomplished
unaccomplishment
unaccomplishments
unaccountabilities
unaccountability
unaccountable
unaccountableness
unaccountablenesses
unaccountably
unaccredited
unaccusable
unaccusably
unaccused
unaccustomed
unaccustomedness
unaccustomednesses
unachievable
unaching
unacknowledged
unacquaint
unacquaintance
unacquaintances
unacquainted
unacquaintedness
unacquaintednesses
unactable
unacted
unactive
unactuated
unadaptable
unadapted
unaddressed
unadjusted
unadmired
unadmiring
unadmitted
unadmonished
unadopted
unadored
unadorned
unadulterate
unadulterated
unadventrous
unadventurous
unadvertised
unadvisable
unadvisableness
unadvisablenesses
unadvisably
unadvised
unadvisedly
unadvisedness
unadvisednesses
unaffected
unaffectedly
unaffectedness
unaffectednesses
unaffecting
unaffiliated
unafraid
unagreeable
unaidable
unaided
unaimed
unaired
unaking
unalienable
unalienably
unaligned
unalike
unalist
unalists
unalive
unallayed
unallied
unallotted
unallowable
unalloyed
unalterabilities
unalterability
unalterable
unalterableness
unalterablenesses
unalterably
unaltered
unaltering
unamazed
unambiguous
unambiguously
unambitious
unambitiously
unamenable
unamendable
unamended
unamerced
unamiabilities
unamiability
unamiable
unamiableness
unamiablenesses
unamusable
unamused
unamusing
unamusingly
unanalysable
unanalysed
unanalytic
unanalytical
unanalyzable
unanalyzed
unanchor
unanchored
unanchoring
unanchors
unaneled
unanimated
unanimities
unanimity
unanimous
unanimously
unannealed
unannotated
unannounced
unanswerable
unanswerableness
unanswerablenesses
unanswerably
unanswered
unanticipated
unanxious
unapologetic
unapostolic
unapostolical
unapostolically
unappalled
unapparel
unapparelled
unapparelling
unapparels
unapparent
unappealable
unappealing
unappeasable
unappeased
unappetising
unappetizing
unapplausive
unapplicable
unapplied
unappointed
unappreciated
unappreciative
unapprehended
unapprehensible
unapprehensive
unapprehensiveness
unapprehensivenesses
unapprised
unapproachable
unapproachableness
unapproachablenesses
unapproachably
unapproached
unappropriate
unappropriated
unapproved
unapproving
unapprovingly
unapt
unaptly
unaptness
unaptnesses
unarguable
unarguably
unargued
unarisen
unarm
unarmed
unarming
unarmoured
unarms
unarranged
unartful
unartfully
unarticulate
unarticulated
unartificial
unartificially
unartistic
unartistlike
unascendable
unascended
unascendible
unascertainable
unascertained
unashamed
unashamedly
unasked
unaspirated
unaspiring
unaspiringly
unaspiringness
unaspiringnesses
unassailable
unassailed
unassayed
unassertive
unassignable
unassigned
unassimilable
unassimilated
unassisted
unassistedly
unassisting
unassociated
unassuageable
unassuaged
unassumed
unassuming
unassumingly
unassumingness
unassumingnesses
unassured
unatonable
unatoned
unattached
unattainable
unattainableness
unattainablenesses
unattainably
unattainted
unattempted
unattended
unattending
unattentive
unattested
unattired
unattractive
unattractively
unattractiveness
unattractivenesses
unau
unaugmented
unaus
unauspicious
unauthentic
unauthenticated
unauthenticities
unauthenticity
unauthorised
unauthoritative
unauthorized
unavailabilities
unavailability
unavailable
unavailableness
unavailablenesses
unavailably
unavailing
unavenged
unavertable
unavertible
unavoidabilities
unavoidability
unavoidable
unavoidableness
unavoidablenesses
unavoidably
unavoided
unavowed
unavowedly
unawakened
unawakening
unaware
unawareness
unawarenesses
unawares
unawed
unbacked
unbaffled
unbag
unbagged
unbagging
unbags
unbailable
unbaited
unbaked
unbalance
unbalanced
unbalances
unbalancing
unballasted
unbanded
unbanked
unbaptise
unbaptised
unbaptises
unbaptising
unbaptize
unbaptized
unbaptizes
unbaptizing
unbar
unbarbed
unbarbered
unbare
unbared
unbares
unbaring
unbark
unbarked
unbarking
unbarks
unbarred
unbarricade
unbarricaded
unbarricades
unbarricading
unbarring
unbars
unbashful
unbated
unbathed
unbattered
unbe
unbear
unbearable
unbearableness
unbearablenesses
unbearably
unbearded
unbearing
unbears
unbeatable
unbeaten
unbeautiful
unbeavered
unbecoming
unbecomingly
unbecomingness
unbecomingnesses
unbecomings
unbed
unbedded
unbedding
unbedimmed
unbedinned
unbeds
unbeen
unbefitting
unbefriended
unbeget
unbegets
unbegetting
unbegged
unbeginning
unbegot
unbegotten
unbeguile
unbeguiled
unbeguiles
unbeguiling
unbegun
unbeholden
unbeing
unbeings
unbeknown
unbeknownst
unbelief
unbeliefs
unbelievable
unbelievably
unbelieve
unbelieved
unbeliever
unbelievers
unbelieves
unbelieving
unbelievingly
unbeloved
unbelt
unbelted
unbelting
unbelts
unbend
unbendable
unbended
unbending
unbendingly
unbendingness
unbendingnesses
unbendings
unbends
unbeneficed
unbeneficial
unbenefited
unbenighted
unbenign
unbenignant
unbenignly
unbent
unbereft
unbeseem
unbeseemed
unbeseeming
unbeseemingly
unbeseems
unbesought
unbespeak
unbespeaking
unbespeaks
unbespoke
unbespoken
unbestowed
unbetrayed
unbetterable
unbettered
unbewailed
unbias
unbiased
unbiasedly
unbiasedness
unbiasednesses
unbiases
unbiasing
unbiassed
unbiassedly
unbiassedness
unbiassednesses
unbiasses
unbiassing
unbiblical
unbid
unbidden
unbind
unbinding
unbindings
unbinds
unbirthday
unbirthdays
unbishop
unbishoped
unbishoping
unbishops
unbitt
unbitted
unbitting
unbitts
unblamable
unblamably
unblameable
unblameably
unblamed
unbleached
unblemished
unblenched
unblenching
unblended
unblent
unbless
unblessed
unblessedness
unblessednesses
unblesses
unblessing
unblest
unblind
unblinded
unblindfold
unblindfolded
unblindfolding
unblindfolds
unblinding
unblinds
unblinking
unblinkingly
unblissful
unblock
unblocked
unblocking
unblocks
unblooded
unbloodied
unbloody
unblotted
unblowed
unblown
unblunted
unblushing
unblushingly
unboastful
unbodied
unboding
unbolt
unbolted
unbolting
unbolts
unbone
unboned
unbones
unboning
unbonnet
unbonneted
unbonneting
unbonnets
unbooked
unbookish
unboot
unbooted
unbooting
unboots
unbore
unborn
unborne
unborrowed
unbosom
unbosomed
unbosomer
unbosomers
unbosoming
unbosoms
unbottomed
unbought
unbound
unbounded
unboundedly
unboundedness
unboundednesses
unbowed
unbox
unboxed
unboxes
unboxing
unbrace
unbraced
unbraces
unbracing
unbraided
unbranched
unbraste
unbreachable
unbreached
unbreakable
unbreathable
unbreathed
unbreathing
unbred
unbreech
unbreeched
unbreeches
unbreeching
unbribable
unbridged
unbridle
unbridled
unbridledness
unbridlednesses
unbridles
unbridling
unbrizzed
unbroke
unbroken
unbrokenly
unbrokenness
unbrokennesses
unbrotherlike
unbrotherly
unbruised
unbrused
unbrushed
unbuckle
unbuckled
unbuckles
unbuckling
unbudded
unbudgeted
unbuild
unbuilding
unbuilds
unbuilt
unbundle
unbundled
unbundler
unbundlers
unbundles
unbundling
unbundlings
unburden
unburdened
unburdening
unburdens
unburied
unburies
unburned
unburnished
unburnt
unburrow
unburrowed
unburrowing
unburrows
unburthen
unburthened
unburthening
unburthens
unbury
unburying
unbusinesslike
unbusy
unbuttered
unbutton
unbuttoned
unbuttoning
unbuttons
uncage
uncaged
uncages
uncaging
uncalculated
uncalculating
uncalled
uncandid
uncandidly
uncandidness
uncandidnesses
uncandour
uncandours
uncannier
uncanniest
uncannily
uncanniness
uncanninesses
uncanny
uncanonic
uncanonical
uncanonicalness
uncanonicalnesses
uncanonise
uncanonised
uncanonises
uncanonising
uncanonize
uncanonized
uncanonizes
uncanonizing
uncap
uncapable
uncape
uncaped
uncapes
uncaping
uncapped
uncapping
uncaps
uncapsizable
uncareful
uncaring
uncarpeted
uncart
uncarted
uncarting
uncarts
uncase
uncased
uncases
uncashed
uncasing
uncatalogued
uncate
uncaught
uncaused
unce
unceasing
unceasingly
uncelebrated
uncensored
uncensorious
uncensured
uncerebral
unceremonious
unceremoniously
unceremoniousness
unceremoniousnesses
uncertain
uncertainly
uncertainness
uncertainnesses
uncertainties
uncertainty
uncertificated
uncertified
unces
uncessant
unchain
unchained
unchaining
unchains
unchallengeable
unchallengeably
unchallenged
unchancier
unchanciest
unchancy
unchangeabilities
unchangeability
unchangeable
unchangeableness
unchangeablenesses
unchangeably
unchanged
unchanging
unchangingly
unchaperoned
uncharacteristic
uncharge
uncharged
uncharges
uncharging
uncharitable
uncharitableness
uncharitablenesses
uncharitably
uncharities
uncharity
uncharm
uncharmed
uncharming
uncharms
uncharnel
uncharnelled
uncharnelling
uncharnels
uncharted
unchartered
unchary
unchaste
unchastely
unchastened
unchasteness
unchastenesses
unchastisable
unchastised
unchastities
unchastity
unchastizable
unchastized
uncheck
uncheckable
unchecked
unchecking
unchecks
uncheered
uncheerful
uncheerfully
uncheerfulness
uncheerfulnesses
unchewed
unchild
unchilded
unchilding
unchildlike
unchilds
unchivalrous
unchosen
unchrisom
unchristen
unchristened
unchristening
unchristens
unchristian
unchristianed
unchristianing
unchristianise
unchristianised
unchristianises
unchristianising
unchristianize
unchristianized
unchristianizes
unchristianizing
unchristianlike
unchristianly
unchristians
unchronicled
unchurch
unchurched
unchurches
unchurching
unci
uncial
uncials
unciform
uncinate
uncinated
uncini
uncinus
uncipher
unciphered
unciphering
unciphers
uncircumcised
uncircumcision
uncircumcisions
uncircumscribed
uncited
uncivil
uncivilised
uncivilized
uncivilly
unclad
unclaimed
unclasp
unclasped
unclasping
unclasps
unclassed
unclassical
unclassifiable
unclassified
unclassy
uncle
unclean
uncleaned
uncleaner
uncleanest
uncleanliness
uncleanlinesses
uncleanly
uncleanness
uncleannesses
uncleansed
unclear
uncleared
unclearer
unclearest
unclearly
unclearness
unclearnesses
uncled
unclench
unclenched
unclenches
unclenching
unclerical
uncles
uncleship
uncleships
unclew
unclewed
unclewing
unclews
uncling
unclipped
unclipt
uncloak
uncloaked
uncloaking
uncloaks
unclog
unclogged
unclogging
unclogs
uncloister
uncloistered
uncloistering
uncloisters
unclose
unclosed
uncloses
unclosing
unclothe
unclothed
unclothes
unclothing
uncloud
unclouded
uncloudedness
uncloudednesses
unclouding
unclouds
uncloudy
uncloven
unclubable
unclubbable
unclutch
unclutched
unclutches
unclutching
uncluttered
unco
uncoated
uncock
uncocked
uncocking
uncocks
uncoffined
uncoil
uncoiled
uncoiling
uncoils
uncoined
uncollected
uncoloured
uncolt
uncolted
uncolting
uncolts
uncomatable
uncombed
uncombine
uncombined
uncombines
uncombining
uncomeatable
uncomeliness
uncomelinesses
uncomely
uncomfortable
uncomfortableness
uncomfortablenesses
uncomfortably
uncomforted
uncommendable
uncommendably
uncommended
uncommercial
uncommitted
uncommon
uncommoner
uncommonest
uncommonly
uncommonness
uncommonnesses
uncommunicable
uncommunicated
uncommunicative
uncommunicativeness
uncommunicativenesses
uncommuted
uncompacted
uncompanied
uncompanionable
uncompanioned
uncompassionate
uncompelled
uncompensated
uncompetitive
uncomplaining
uncomplainingly
uncomplaisant
uncomplaisantly
uncompleted
uncompliant
uncomplicated
uncomplimentary
uncomplying
uncomposable
uncompounded
uncomprehended
uncomprehending
uncomprehensive
uncompromising
uncompromisingly
uncompromisingness
uncompromisingnesses
unconcealable
unconcealed
unconcealing
unconceivable
unconceivableness
unconceivablenesses
unconceivably
unconceived
unconcern
unconcerned
unconcernedly
unconcernedness
unconcernednesses
unconcerning
unconcernment
unconcernments
unconcerns
unconcerted
unconciliatory
unconclusive
unconcocted
unconditional
unconditionalities
unconditionality
unconditionally
unconditionalness
unconditionalnesses
unconditioned
unconfederated
unconfessed
unconfinable
unconfine
unconfined
unconfinedly
unconfines
unconfining
unconfirmed
unconform
unconformabilities
unconformability
unconformable
unconformableness
unconformablenesses
unconformably
unconforming
unconformities
unconformity
unconfused
unconfusedly
uncongeal
uncongealed
uncongealing
uncongeals
uncongenial
uncongenialities
uncongeniality
unconjectured
unconjugal
unconjunctive
unconnected
unconniving
unconquerable
unconquerableness
unconquerablenesses
unconquerably
unconquered
unconscientious
unconscientiously
unconscientiousness
unconscientiousnesses
unconscionable
unconscionableness
unconscionablenesses
unconscionably
unconscious
unconsciouses
unconsciously
unconsciousness
unconsciousnesses
unconsecrate
unconsecrated
unconsecrates
unconsecrating
unconsentaneous
unconsenting
unconsidered
unconsidering
unconsoled
unconsolidated
unconstant
unconstitutional
unconstitutionalities
unconstitutionality
unconstitutionally
unconstrainable
unconstrained
unconstrainedly
unconstraint
unconstraints
unconsumed
unconsummated
uncontainable
uncontaminated
uncontemned
uncontemplated
uncontentious
uncontestable
uncontested
uncontradicted
uncontrived
uncontrollable
uncontrollableness
uncontrollablenesses
uncontrollably
uncontrolled
uncontrolledly
uncontroversial
uncontroverted
uncontrovertible
unconventional
unconventionalities
unconventionality
unconversable
unconversant
unconverted
unconvertible
unconvicted
unconvinced
unconvincing
uncooked
uncool
uncooperative
uncooperatively
uncoordinated
uncope
uncoped
uncopes
uncoping
uncoquettish
uncord
uncorded
uncordial
uncording
uncords
uncork
uncorked
uncorking
uncorks
uncorrected
uncorroborated
uncorrupt
uncorrupted
uncorseted
uncos
uncostly
uncounselled
uncountable
uncounted
uncouple
uncoupled
uncouples
uncoupling
uncourteous
uncourtliness
uncourtlinesses
uncourtly
uncouth
uncouther
uncouthest
uncouthly
uncouthness
uncouthnesses
uncovenanted
uncover
uncovered
uncovering
uncovers
uncowl
uncowled
uncowling
uncowls
uncoyned
uncrate
uncrated
uncrates
uncrating
uncreate
uncreated
uncreatedness
uncreatednesses
uncreates
uncreating
uncredible
uncreditable
uncritical
uncritically
uncropped
uncross
uncrossed
uncrosses
uncrossing
uncrowded
uncrown
uncrowned
uncrowning
uncrowns
uncrudded
uncrumple
uncrumpled
uncrumples
uncrumpling
uncrushable
uncrystallisable
uncrystallised
uncrystallizable
uncrystallized
unction
unctions
unctuosities
unctuosity
unctuous
unctuously
unctuousness
unctuousnesses
uncuckolded
unculled
uncultivable
uncultivatable
uncultivated
uncultured
uncumbered
uncurable
uncurbable
uncurbed
uncurdled
uncured
uncurious
uncurl
uncurled
uncurling
uncurls
uncurrent
uncurse
uncursed
uncurses
uncursing
uncurtailed
uncurtain
uncurtained
uncurtaining
uncurtains
uncurved
uncus
uncustomed
uncut
undam
undamaged
undammed
undamming
undamned
undamped
undams
undashed
undate
undated
undauntable
undaunted
undauntedly
undauntedness
undauntednesses
undawning
undazzle
undazzled
undazzles
undazzling
unde
undead
undeaf
undeafed
undeafing
undeafs
undealt
undear
undebarred
undebased
undebauched
undecayed
undeceivable
undeceive
undeceived
undeceives
undeceiving
undecent
undecidable
undecided
undecidedly
undecimal
undecimole
undecimoles
undecipherable
undecisive
undeck
undecked
undecking
undecks
undeclared
undeclining
undecomposable
undecomposed
undee
undeeded
undefaced
undefeated
undefended
undefide
undefied
undefiled
undefinable
undefined
undeified
undeifies
undeify
undeifying
undelayed
undelaying
undelectable
undelegated
undeliberate
undelight
undelighted
undelightful
undelights
undeliverable
undelivered
undeluded
undemanding
undemocratic
undemonstrable
undemonstrative
undemonstrativeness
undemonstrativenesses
undeniable
undeniableness
undeniablenesses
undeniably
undenominational
undenominationalism
undenominationalisms
undependable
undependableness
undependablenesses
undepending
undeplored
undepraved
undepreciated
undepressed
undeprived
under
underachieve
underachieved
underachievement
underachievements
underachiever
underachievers
underachieves
underachieving
underact
underacted
underacting
underaction
underactions
underactor
underactors
underacts
underagent
underagents
underarm
underbear
underbearer
underbearers
underbearing
underbearings
underbears
underbellies
underbelly
underbid
underbidder
underbidders
underbidding
underbids
underbit
underbite
underbites
underbiting
underbitten
underblanket
underblankets
underbore
underborne
underbough
underboughs
underbought
underbreath
underbreaths
underbred
underbridge
underbridges
underbrush
underbrushed
underbrushes
underbrushing
underbudget
underbudgeted
underbudgeting
underbudgets
underbuild
underbuilder
underbuilders
underbuilding
underbuilds
underbuilt
underburnt
underbush
underbushed
underbushes
underbushing
underbuy
underbuying
underbuys
undercapitalisation
undercapitalisations
undercapitalised
undercapitalization
undercapitalizations
undercapitalized
undercard
undercards
undercarriage
undercarriages
undercart
undercarts
undercast
undercasts
undercharge
undercharged
undercharges
undercharging
underclad
underclass
underclasses
underclassman
underclassmen
underclay
underclays
undercliff
undercliffs
underclothe
underclothed
underclothes
underclothing
underclub
underclubbed
underclubbing
underclubs
undercoat
undercoats
underconsciousness
underconsciousnesses
undercook
undercooked
undercooking
undercooks
undercool
undercooled
undercooling
undercools
undercover
undercovert
undercoverts
undercrest
undercrested
undercresting
undercrests
undercroft
undercrofts
undercurrent
undercurrents
undercut
undercuts
undercutting
underdamper
underdampers
underdeck
underdecks
underdevelop
underdeveloped
underdeveloping
underdevelopment
underdevelopments
underdevelops
underdid
underdo
underdoer
underdoers
underdoes
underdog
underdogs
underdoing
underdone
underdrain
underdrained
underdraining
underdrains
underdraw
underdrawing
underdrawings
underdrawn
underdraws
underdress
underdressed
underdresses
underdressing
underdrew
underdrive
underdrives
underearth
underemployment
underemployments
underestimate
underestimated
underestimates
underestimating
underestimation
underestimations
underexpose
underexposed
underexposes
underexposing
underexposure
underexposures
underfed
underfeed
underfeeding
underfeeds
underfelt
underfelts
underfinished
underfire
underfired
underfires
underfiring
underfish
underfished
underfishes
underfishing
underfloor
underflow
underflows
underfong
underfonged
underfonging
underfongs
underfoot
underfooted
underfooting
underfoots
underfulfil
underfulfilled
underfulfilling
underfulfils
underfund
underfunded
underfunding
underfundings
underfunds
underfur
underfurs
undergarment
undergarments
undergird
undergirded
undergirding
undergirds
undergirt
underglaze
undergo
undergoes
undergoing
undergone
undergown
undergowns
undergrad
undergrads
undergraduate
undergraduates
undergraduateship
undergraduateships
undergraduette
undergraduettes
underground
undergrounds
undergrove
undergroves
undergrown
undergrowth
undergrowths
underhand
underhanded
underhandedly
underhandedness
underhandednesses
underhands
underhonest
underhung
underjawed
underkeep
underkeeper
underkeepers
underkeeping
underkeeps
underkept
underking
underkingdom
underkingdoms
underkings
underlaid
underlain
underlap
underlapped
underlapping
underlaps
underlay
underlayer
underlayers
underlaying
underlays
underlease
underleased
underleases
underleasing
underlet
underlets
underletter
underletters
underletting
underlettings
underlie
underlies
underline
underlined
underlinen
underlinens
underlines
underling
underlings
underlining
underlip
underlips
underlooker
underlookers
underlying
underman
undermanned
undermanning
undermans
undermasted
undermeaning
undermeanings
undermen
undermentioned
underminde
underminded
undermindes
underminding
undermine
undermined
underminer
underminers
undermines
undermining
underminings
undermost
undern
undernamed
underneath
underneaths
underniceness
undernicenesses
undernote
undernoted
undernotes
undernoting
undernourished
undernourishment
undernourishments
underns
underntime
underntimes
underpaid
underpainting
underpaintings
underpants
underpart
underparts
underpass
underpasses
underpassion
underpassions
underpay
underpaying
underpayment
underpayments
underpays
underpeep
underpeeped
underpeeping
underpeeps
underpeopled
underperform
underperformed
underperforming
underperforms
underpin
underpinned
underpinning
underpinnings
underpins
underplant
underplanted
underplanting
underplants
underplay
underplayed
underplaying
underplays
underplot
underplots
underpopulated
underpowered
underpraise
underpraised
underpraises
underpraising
underpreparation
underpreparations
underprepared
underpriced
underprise
underprised
underprises
underprising
underprize
underprized
underprizes
underprizing
underproof
underprop
underpropped
underpropping
underprops
underquote
underquoted
underquotes
underquoting
underran
underrate
underrated
underrates
underrating
underrun
underrunning
underrunnings
underruns
undersaid
undersay
undersaye
undersayes
undersaying
undersays
underscore
underscored
underscores
underscoring
underscrub
underscrubs
undersea
underseal
undersealed
undersealing
undersealings
underseals
underself
undersell
underseller
undersellers
underselling
undersells
underselves
undersense
undersenses
underset
undersets
undersetting
undersexed
undershapen
undersheriff
undersheriffs
undershirt
undershirts
undershoot
undershooting
undershoots
undershorts
undershot
undershrub
undershrubs
underside
undersides
undersign
undersigned
undersigning
undersigns
undersized
underskies
underskinker
underskinkers
underskirt
underskirts
undersky
undersleeve
undersleeves
underslung
undersoil
undersoils
undersold
undersong
undersongs
underspend
underspending
underspends
underspent
understaffed
understand
understandable
understanded
understander
understanders
understanding
understandingly
understandings
understands
understate
understated
understatement
understatements
understates
understating
understeer
understeered
understeering
understeers
understock
understocked
understocking
understocks
understood
understorey
understoreys
understories
understory
understrapper
understrappers
understrapping
understrata
understratum
understudied
understudies
understudy
understudying
undersupplied
undersupplies
undersupply
undersupplying
undersurface
undersurfaces
undertakable
undertake
undertaken
undertaker
undertakers
undertakes
undertaking
undertakings
undertane
undertenancies
undertenancy
undertenant
undertenants
underthirst
underthirsts
underthrust
underthrusts
undertime
undertimed
undertimes
undertint
undertints
undertone
undertoned
undertones
undertook
undertow
undertows
underuse
underused
underuses
underusing
underutilisation
underutilisations
underutilise
underutilised
underutilises
underutilising
underutilization
underutilizations
underutilize
underutilized
underutilizes
underutilizing
undervaluation
undervaluations
undervalue
undervalued
undervaluer
undervaluers
undervalues
undervaluing
undervest
undervests
underviewer
underviewers
undervoice
undervoices
underwater
underwaters
underway
underwear
underwears
underweight
underweights
underwent
underwhelm
underwhelmed
underwhelming
underwhelms
underwing
underwings
underwired
underwiring
underwirings
underwit
underwits
underwood
underwoods
underwork
underworked
underworker
underworkers
underworking
underworkman
underworkmen
underworks
underworld
underworlds
underwrite
underwriter
underwriters
underwrites
underwriting
underwritings
underwritten
underwrote
underwrought
undescendable
undescended
undescendible
undescribable
undescribed
undescried
undesert
undeserts
undeserve
undeserved
undeservedly
undeservedness
undeservednesses
undeserver
undeservers
undeserves
undeserving
undeservingly
undesigned
undesignedly
undesignedness
undesignednesses
undesigning
undesirabilities
undesirability
undesirable
undesirableness
undesirablenesses
undesirables
undesirably
undesired
undesiring
undesirous
undespairing
undespairingly
undespoiled
undestroyed
undetectable
undetected
undeterminable
undeterminate
undeterminateness
undeterminatenesses
undetermination
undeterminations
undetermined
undeterred
undeveloped
undeviating
undeviatingly
undevout
undiagnosed
undid
undies
undifferenced
undifferentiated
undigested
undight
undighting
undights
undignified
undignifies
undignify
undignifying
undiluted
undiminishable
undiminished
undimmed
undine
undines
undinism
undinisms
undinted
undiplomatic
undipped
undirected
undisappointing
undiscerned
undiscernedly
undiscernible
undiscernibly
undiscerning
undiscernings
undischarged
undisciplinable
undiscipline
undisciplined
undisciplines
undisclosed
undiscomfited
undiscordant
undiscording
undiscouraged
undiscoverable
undiscoverably
undiscovered
undiscriminating
undiscussable
undiscussed
undiscussible
undisguisable
undisguised
undisguisedly
undishonoured
undismantled
undismayed
undisordered
undispatched
undispensed
undisposed
undisputed
undisputedly
undissembled
undissociated
undissolved
undissolving
undistempered
undistilled
undistinctive
undistinguishable
undistinguishableness
undistinguishablenesses
undistinguishably
undistinguished
undistinguishing
undistorted
undistracted
undistractedly
undistractedness
undistractednesses
undistracting
undistributed
undisturbed
undisturbedly
undisturbing
undiversified
undiverted
undiverting
undivested
undivestedly
undividable
undivided
undividedly
undividedness
undividednesses
undivine
undivorced
undivulged
undo
undock
undocked
undocking
undocks
undoctored
undocumented
undoer
undoers
undoes
undoing
undoings
undomestic
undomesticate
undomesticated
undomesticates
undomesticating
undone
undoomed
undouble
undoubled
undoubles
undoubling
undoubtable
undoubted
undoubtedly
undoubtful
undoubting
undoubtingly
undrainable
undrained
undramatic
undraped
undraw
undrawing
undrawn
undraws
undreaded
undreading
undreamed
undreaming
undreamt
undress
undressed
undresses
undressing
undressings
undrew
undried
undrilled
undrinkable
undriveable
undriven
undrooping
undrossy
undrowned
undrunk
undubbed
undue
undug
undulancies
undulancy
undulant
undulate
undulated
undulately
undulates
undulating
undulatingly
undulation
undulationist
undulationists
undulations
undulatory
undulled
undulose
undulous
unduly
unduteous
undutiful
undutifully
undutifulness
undutifulnesses
undyed
undying
undyingly
undyingness
undyingnesses
uneared
unearned
unearth
unearthed
unearthing
unearthlier
unearthliest
unearthliness
unearthlinesses
unearthly
unearths
unease
uneases
uneasier
uneasiest
uneasily
uneasiness
uneasinesses
uneasy
uneatable
uneatableness
uneatablenesses
uneaten
uneath
uneathes
uneclipsed
uneconomic
uneconomical
unedge
unedged
unedges
unedging
unedifying
unedited
uneducable
uneducated
uneffaced
uneffected
unelaborate
unelaborated
unelated
unelected
unelectrified
unembarrassed
unembellished
unembittered
unembodied
unemotional
unemotionally
unemotioned
unemphatic
unemployable
unemployed
unemployment
unemployments
unemptied
unenchanted
unenclosed
unencumbered
unendangered
unendeared
unending
unendingly
unendingness
unendingnesses
unendowed
unendurable
unendurably
unenforceable
unenforced
unengaged
unenjoyable
unenlightened
unenquiring
unenriched
unenslaved
unentailed
unentered
unenterprising
unentertained
unentertaining
unenthralled
unenthusiastic
unentitled
unenviable
unenviably
unenvied
unenvious
unenvying
unequable
unequal
unequalled
unequally
unequals
unequitable
unequivocal
unequivocally
unerasable
unerring
unerringly
unerringness
unerringnesses
unescapable
unescorted
unespied
unessayed
unessence
unessenced
unessences
unessencing
unessential
unestablished
uneth
unethical
unevangelical
uneven
unevener
unevenest
unevenly
unevenness
unevennesses
uneventful
uneventfully
unevidenced
unexacting
unexaggerated
unexalted
unexamined
unexampled
unexcavated
unexcelled
unexceptionable
unexceptionableness
unexceptionablenesses
unexceptionably
unexceptional
unexceptionally
unexcitable
unexcited
unexciting
unexcluded
unexclusive
unexclusively
unexecuted
unexemplified
unexercised
unexhausted
unexpanded
unexpectant
unexpected
unexpectedly
unexpectedness
unexpectednesses
unexpensive
unexpensively
unexperienced
unexperient
unexpiated
unexpired
unexplainable
unexplained
unexploited
unexplored
unexposed
unexpressed
unexpressible
unexpressive
unexpugnable
unexpurgated
unextended
unextenuated
unextinct
unextinguishable
unextinguishably
unextinguished
unextreme
uneyed
unfabled
unfact
unfacts
unfadable
unfaded
unfading
unfadingly
unfadingness
unfadingnesses
unfailing
unfailingly
unfair
unfaired
unfairer
unfairest
unfairing
unfairly
unfairness
unfairnesses
unfairs
unfaith
unfaithful
unfaithfully
unfaithfulness
unfaithfulnesses
unfaiths
unfallen
unfallible
unfaltering
unfalteringly
unfamed
unfamiliar
unfamiliarities
unfamiliarity
unfamiliarly
unfanned
unfashionable
unfashionableness
unfashionablenesses
unfashionably
unfashioned
unfasten
unfastened
unfastening
unfastens
unfastidious
unfathered
unfatherly
unfathomable
unfathomableness
unfathomablenesses
unfathomably
unfathomed
unfaulty
unfavourable
unfavourableness
unfavourablenesses
unfavourably
unfazed
unfeared
unfearful
unfearfully
unfearing
unfeasible
unfeathered
unfeatured
unfed
unfeed
unfeeling
unfeelingly
unfeelingness
unfeelingnesses
unfeigned
unfeignedly
unfeignedness
unfeignednesses
unfeigning
unfelled
unfellowed
unfelt
unfeminine
unfenced
unfermented
unfertilised
unfertilized
unfetter
unfettered
unfettering
unfetters
unfeudal
unfeudalise
unfeudalised
unfeudalises
unfeudalising
unfeudalize
unfeudalized
unfeudalizes
unfeudalizing
unfeued
unfigured
unfilde
unfiled
unfilial
unfilially
unfillable
unfilled
unfilleted
unfilmed
unfilterable
unfiltered
unfiltrable
unfine
unfinished
unfinishing
unfired
unfirm
unfished
unfit
unfitly
unfitness
unfitnesses
unfits
unfitted
unfittedness
unfittednesses
unfitter
unfittest
unfitting
unfittingly
unfix
unfixed
unfixedness
unfixednesses
unfixes
unfixing
unfixities
unfixity
unflagging
unflaggingly
unflappabilities
unflappability
unflappable
unflappably
unflattering
unflatteringly
unflavoured
unflawed
unfledged
unflesh
unfleshed
unfleshes
unfleshing
unfleshly
unflinching
unflinchingly
unfloored
unflush
unflushed
unflushes
unflushing
unflustered
unfocused
unfocussed
unfold
unfolded
unfolder
unfolders
unfolding
unfoldings
unfolds
unfool
unfooled
unfooling
unfools
unfooted
unforbid
unforbidden
unforced
unforcedly
unforcible
unfordable
unforeboding
unforeknowable
unforeknown
unforeseeable
unforeseeing
unforeseen
unforeskinned
unforested
unforetold
unforewarned
unforfeited
unforged
unforgettable
unforgettably
unforgivable
unforgiven
unforgiveness
unforgivenesses
unforgiving
unforgivingness
unforgivingnesses
unforgot
unforgotten
unform
unformal
unformalised
unformalized
unformatted
unformed
unformidable
unforming
unforms
unformulated
unforsaken
unforthcoming
unfortified
unfortunate
unfortunately
unfortunateness
unfortunatenesses
unfortunates
unfortune
unfortuned
unfortunes
unfossiliferous
unfossilised
unfossilized
unfostered
unfought
unfoughten
unfound
unfounded
unfoundedly
unframed
unfranchised
unfranked
unfraught
unfraughted
unfraughting
unfraughts
unfree
unfreed
unfreeman
unfreemen
unfreeze
unfreezes
unfreezing
unfrequent
unfrequented
unfrequentedness
unfrequentednesses
unfrequently
unfretted
unfriend
unfriended
unfriendedness
unfriendednesses
unfriendlier
unfriendliest
unfriendlily
unfriendliness
unfriendlinesses
unfriendly
unfriends
unfriendship
unfriendships
unfrighted
unfrightened
unfrock
unfrocked
unfrocking
unfrocks
unfroze
unfrozen
unfructuous
unfruitful
unfruitfully
unfruitfulness
unfruitfulnesses
unfuelled
unfulfilled
unfumed
unfunded
unfunny
unfurl
unfurled
unfurling
unfurls
unfurnish
unfurnished
unfurnishes
unfurnishing
unfurred
unfurrowed
ungag
ungagged
ungagging
ungags
ungain
ungainful
ungainlier
ungainliest
ungainliness
ungainlinesses
ungainly
ungainsaid
ungainsayable
ungallant
ungallantly
ungalled
ungarbled
ungarmented
ungarnered
ungarnished
ungartered
ungathered
ungauged
ungazed
ungear
ungeared
ungearing
ungears
ungenerous
ungenerously
ungenial
ungenitured
ungenteel
ungenteelly
ungentilities
ungentility
ungentle
ungentlemanlike
ungentlemanliness
ungentlemanlinesses
ungentlemanly
ungentleness
ungentlenesses
ungently
ungenuine
ungenuineness
ungenuinenesses
ungermane
unget
ungetatable
ungets
ungetting
unghostly
ungifted
ungild
ungilded
ungilding
ungilds
ungilt
ungird
ungirded
ungirding
ungirds
ungirt
ungirth
ungirthed
ungirthing
ungirths
ungiving
unglad
unglazed
unglossed
unglove
ungloved
ungloves
ungloving
unglue
unglued
unglues
ungluing
ungod
ungodded
ungodding
ungodlier
ungodliest
ungodlike
ungodlily
ungodliness
ungodlinesses
ungodly
ungods
ungord
ungored
ungorged
ungot
ungotten
ungovernable
ungovernableness
ungovernablenesses
ungovernably
ungoverned
ungown
ungowned
ungowning
ungowns
ungraced
ungraceful
ungracefully
ungracefulness
ungracefulnesses
ungracious
ungraciously
ungraciousness
ungraciousnesses
ungraded
ungrammatic
ungrammatical
ungrammatically
ungrassed
ungrateful
ungratefully
ungratefulness
ungratefulnesses
ungratified
ungravely
ungrazed
ungroomed
unground
ungrounded
ungroundedly
ungroundedness
ungroundednesses
ungrown
ungrudged
ungrudging
ungrudgingly
ungual
unguard
unguarded
unguardedly
unguardedness
unguardednesses
unguarding
unguards
unguent
unguentaria
unguentaries
unguentarium
unguentary
unguents
unguerdoned
ungues
unguessed
unguiculate
unguiculated
unguided
unguiform
unguilty
unguis
ungula
ungulae
ungulate
ungulates
unguled
unguligrade
ungum
ungummed
ungumming
ungums
ungyve
ungyved
ungyves
ungyving
unhabitable
unhabituated
unhable
unhacked
unhackneyed
unhailed
unhair
unhaired
unhairing
unhairs
unhallow
unhallowed
unhallowing
unhallows
unhalsed
unhampered
unhand
unhanded
unhandily
unhandiness
unhandinesses
unhanding
unhandled
unhands
unhandseled
unhandsome
unhandsomely
unhandsomeness
unhandsomenesses
unhandy
unhang
unhanged
unhanging
unhangs
unhappied
unhappier
unhappies
unhappiest
unhappily
unhappiness
unhappinesses
unhappy
unhappying
unharbour
unharboured
unharbouring
unharbours
unhardened
unhardy
unharmed
unharmful
unharmfully
unharming
unharmonious
unharness
unharnessed
unharnesses
unharnessing
unharvested
unhasp
unhasped
unhasping
unhasps
unhasting
unhasty
unhat
unhatched
unhats
unhatted
unhatting
unhattings
unhaunted
unhazarded
unhazardous
unhead
unheaded
unheading
unheads
unheal
unhealable
unhealed
unhealing
unheals
unhealth
unhealthful
unhealthfully
unhealthfulness
unhealthfulnesses
unhealthier
unhealthiest
unhealthily
unhealthiness
unhealthinesses
unhealths
unhealthy
unheard
unhearse
unhearsed
unhearses
unhearsing
unheart
unhearted
unhearting
unhearts
unheated
unhedged
unheeded
unheededly
unheedful
unheedfully
unheedily
unheeding
unheedingly
unheedy
unhele
unheled
unheles
unheling
unhelm
unhelmed
unhelmeted
unhelming
unhelms
unhelpable
unhelped
unhelpful
unheppen
unheralded
unheroic
unheroical
unheroically
unherst
unhesitating
unhesitatingly
unhewn
unhidden
unhidebound
unhindered
unhinge
unhinged
unhingement
unhingements
unhinges
unhinging
unhip
unhired
unhistoric
unhistorical
unhitch
unhitched
unhitches
unhitching
unhive
unhived
unhives
unhiving
unhoard
unhoarded
unhoarding
unhoards
unholier
unholiest
unholily
unholiness
unholinesses
unholpen
unholy
unhomelike
unhomely
unhonest
unhonoured
unhood
unhooded
unhooding
unhoods
unhook
unhooked
unhooking
unhooks
unhoop
unhooped
unhooping
unhoops
unhoped
unhopeful
unhopefully
unhorse
unhorsed
unhorses
unhorsing
unhospitable
unhouse
unhoused
unhouseled
unhouses
unhousing
unhouzzled
unhuman
unhumanise
unhumanised
unhumanises
unhumanising
unhumanize
unhumanized
unhumanizes
unhumanizing
unhumbled
unhung
unhunted
unhurried
unhurriedly
unhurrying
unhurt
unhurtful
unhurtfully
unhurtfulness
unhurtfulnesses
unhusbanded
unhusk
unhusked
unhusking
unhusks
unhygienic
unhyphenated
uni
uniaxial
uniaxially
unicameral
unicameralism
unicameralisms
unicameralist
unicameralists
unicellular
unicentral
unicities
unicity
unicolor
unicolorate
unicolorous
unicolour
unicoloured
unicorn
unicorns
unicostate
unicycle
unicycles
unideal
unidealism
unidealisms
unidealistic
unidentifiable
unidentified
unidiomatic
unidiomatically
unidirectional
unifiable
unific
unification
unifications
unified
unifier
unifiers
unifies
unifilar
uniflorous
unifoliate
unifoliolate
uniform
uniformed
uniforming
uniformitarian
uniformitarianism
uniformitarianisms
uniformitarianist
uniformitarianists
uniformitarians
uniformities
uniformity
uniformly
uniformness
uniformnesses
uniforms
unify
unifying
unifyings
unigeniture
unigenitures
unilabiate
unilateral
unilateralism
unilateralisms
unilateralist
unilateralists
unilateralities
unilaterality
unilaterally
unilingual
uniliteral
unillumed
unilluminated
unilluminating
unillumined
unillustrated
unilobar
unilobed
unilobular
unilocular
unimaginable
unimaginableness
unimaginablenesses
unimaginably
unimaginative
unimaginatively
unimaginativeness
unimaginativenesses
unimagined
unimbued
unimmortal
unimolecular
unimpaired
unimparted
unimpassioned
unimpeachable
unimpeached
unimpeded
unimpededly
unimplored
unimportance
unimportances
unimportant
unimportuned
unimposed
unimposing
unimpregnated
unimpressed
unimpressible
unimpressionable
unimpressive
unimprisoned
unimproved
unimpugnable
uninaugurated
uninchanted
unincited
uninclosed
unincorporated
unincumbered
unindeared
unindexed
uninfected
uninflamed
uninflammable
uninflated
uninflected
uninfluenced
uninfluential
uninforceable
uninforced
uninformative
uninformed
uninforming
uninhabitable
uninhabited
uninhibited
uninitiated
uninjured
uninquiring
uninquisitive
uninscribed
uninspired
uninspiring
uninstall
uninstalled
uninstalling
uninstalls
uninstructed
uninstructive
uninsured
unintegrated
unintellectual
unintelligent
unintelligibilities
unintelligibility
unintelligible
unintelligibly
unintended
unintentional
unintentionalities
unintentionality
unintentionally
uninterested
uninteresting
uninterestingly
unintermitted
unintermittedly
unintermitting
unintermittingly
uninterpretable
uninterrupted
uninterruptedly
unintoxicating
unintroduced
uninuclear
uninucleate
uninured
uninventive
uninvested
uninvidious
uninvited
uninviting
uninvolved
union
unionisation
unionisations
unionise
unionised
unionises
unionising
unionism
unionisms
unionist
unionists
unionization
unionizations
unionize
unionized
unionizes
unionizing
unions
uniparous
unipartite
uniped
unipeds
unipersonal
uniplanar
unipod
unipods
unipolar
unipolarities
unipolarity
unique
uniquely
uniqueness
uniquenesses
uniquer
uniques
uniquest
uniramous
unironed
unis
uniserial
uniserially
uniseriate
uniseriately
unisex
unisexual
unisexualities
unisexuality
unisexually
unison
unisonal
unisonally
unisonance
unisonances
unisonant
unisonous
unisons
unit
unital
unitard
unitards
unitarian
unitarianism
unitarianisms
unitarians
unitary
unite
united
unitedly
unitedness
unitednesses
uniter
uniters
unites
unitholder
unitholders
unities
uniting
unitings
unition
unitions
unitisation
unitisations
unitise
unitised
unitises
unitising
unitive
unitively
unitization
unitizations
unitize
unitized
unitizes
unitizing
units
unity
univalence
univalences
univalencies
univalency
univalent
univalents
univalve
univalves
univalvular
univariant
univariate
universal
universalisation
universalisations
universalise
universalised
universalises
universalising
universalistic
universalities
universality
universalization
universalizations
universalize
universalized
universalizes
universalizing
universally
universalness
universalnesses
universals
universe
universes
universitarian
universities
university
univocal
univocally
univocals
univoltine
unjaded
unjaundiced
unjealous
unjoint
unjointed
unjointing
unjoints
unjoyful
unjoyous
unjust
unjuster
unjustest
unjustifiable
unjustifiably
unjustified
unjustly
unjustness
unjustnesses
unked
unkempt
unkenned
unkennel
unkennelled
unkennelling
unkennels
unkent
unkept
unket
unkid
unkind
unkinder
unkindest
unkindled
unkindlier
unkindliest
unkindliness
unkindlinesses
unkindly
unkindness
unkindnesses
unking
unkinged
unkinging
unkinglier
unkingliest
unkinglike
unkingly
unkings
unkiss
unkissed
unkisses
unkissing
unknelled
unknight
unknighted
unknighting
unknightliness
unknightlinesses
unknightly
unknights
unknit
unknits
unknitted
unknitting
unknot
unknots
unknotted
unknotting
unknowable
unknowableness
unknowablenesses
unknowing
unknowingly
unknowingness
unknowingnesses
unknown
unknownness
unknownnesses
unknowns
unlabelled
unlaborious
unlaboured
unlabouring
unlace
unlaced
unlaces
unlacing
unlade
unladed
unladen
unlades
unlading
unladings
unladylike
unlaid
unlamented
unlash
unlashed
unlashes
unlashing
unlast
unlaste
unlatch
unlatched
unlatches
unlatching
unlaw
unlawed
unlawful
unlawfully
unlawfulness
unlawfulnesses
unlawing
unlaws
unlay
unlaying
unlays
unlead
unleaded
unleading
unleads
unleal
unlearn
unlearned
unlearnedly
unlearnedness
unlearnednesses
unlearning
unlearns
unlearnt
unleased
unleash
unleashed
unleashes
unleashing
unleavened
unled
unleisured
unleisurely
unless
unlessoned
unlet
unlettable
unlettered
unlibidinous
unlicensed
unlich
unlicked
unlid
unlidded
unlidding
unlids
unlifelike
unlighted
unlightened
unlightsome
unlikable
unlike
unlikeable
unlikelier
unlikeliest
unlikelihood
unlikelihoods
unlikeliness
unlikelinesses
unlikely
unlikeness
unlikenesses
unlikes
unlimber
unlimbered
unlimbering
unlimbers
unlime
unlimed
unlimes
unliming
unlimited
unlimitedly
unlimitedness
unlimitednesses
unline
unlineal
unlined
unlines
unlining
unlink
unlinked
unlinking
unlinks
unliquefied
unliquidated
unliquored
unlisted
unlistened
unlistening
unlit
unliterary
unlivable
unlive
unliveable
unlived
unliveliness
unlivelinesses
unlively
unlives
unliving
unload
unloaded
unloader
unloaders
unloading
unloadings
unloads
unlocated
unlock
unlockable
unlocked
unlocking
unlocks
unlogical
unlooked
unloose
unloosed
unloosen
unloosened
unloosening
unloosens
unlooses
unloosing
unlopped
unlord
unlorded
unlording
unlordly
unlords
unlosable
unlost
unlovable
unlove
unloveable
unloved
unlovelier
unloveliest
unloveliness
unlovelinesses
unlovely
unloverlike
unloves
unloving
unlovingly
unlovingness
unlovingnesses
unluckier
unluckiest
unluckily
unluckiness
unluckinesses
unlucky
unluxuriant
unluxurious
unmacadamised
unmacadamized
unmade
unmaidenly
unmailable
unmailed
unmaimed
unmaintainable
unmaintained
unmakable
unmake
unmakes
unmaking
unmakings
unmalicious
unmalleabilities
unmalleability
unmalleable
unman
unmanacle
unmanacled
unmanacles
unmanacling
unmanageable
unmanageableness
unmanageablenesses
unmanageably
unmanaged
unmanfully
unmanlier
unmanliest
unmanlike
unmanliness
unmanlinesses
unmanly
unmanned
unmannered
unmannerliness
unmannerlinesses
unmannerly
unmanning
unmans
unmantle
unmantled
unmantles
unmantling
unmanufactured
unmanured
unmard
unmarked
unmarketable
unmarred
unmarriable
unmarriageable
unmarriageableness
unmarriageablenesses
unmarried
unmarries
unmarry
unmarrying
unmasculine
unmask
unmasked
unmasker
unmaskers
unmasking
unmaskings
unmasks
unmastered
unmatchable
unmatched
unmated
unmaterial
unmaterialised
unmaterialized
unmaternal
unmathematical
unmatriculated
unmatured
unmeaning
unmeaningly
unmeaningness
unmeaningnesses
unmeant
unmeasurable
unmeasurably
unmeasured
unmechanic
unmechanical
unmechanise
unmechanised
unmechanises
unmechanising
unmechanize
unmechanized
unmechanizes
unmechanizing
unmedicinable
unmeditated
unmeek
unmeet
unmeetly
unmeetness
unmeetnesses
unmellowed
unmelodious
unmelted
unmemorable
unmentionable
unmentionableness
unmentionablenesses
unmentionables
unmercenary
unmerchantable
unmerciful
unmercifully
unmercifulness
unmercifulnesses
unmeritable
unmerited
unmeritedly
unmeriting
unmet
unmetalled
unmetaphorical
unmetaphysical
unmeted
unmethodical
unmethodised
unmethodized
unmetrical
unmew
unmewed
unmewing
unmews
unmilitary
unmilked
unmilled
unminded
unmindful
unmindfully
unmindfulness
unmindfulnesses
unmingled
unministerial
unmiraculous
unmiry
unmissable
unmissed
unmistakable
unmistakably
unmistakeable
unmistakeably
unmistrustful
unmitigable
unmitigably
unmitigated
unmitigatedly
unmixed
unmixedly
unmoaned
unmodernised
unmodernized
unmodifiable
unmodifiableness
unmodifiablenesses
unmodified
unmodish
unmodulated
unmoistened
unmolested
unmoneyed
unmonied
unmoor
unmoored
unmooring
unmoors
unmoral
unmoralised
unmoralising
unmoralities
unmorality
unmoralized
unmoralizing
unmortgaged
unmortified
unmortised
unmotherly
unmotivated
unmotived
unmould
unmoulded
unmoulding
unmoulds
unmount
unmounted
unmounting
unmounts
unmourned
unmovable
unmovably
unmoveable
unmoveably
unmoved
unmovedly
unmoving
unmown
unmuffle
unmuffled
unmuffles
unmuffling
unmunitioned
unmurmuring
unmurmuringly
unmusical
unmusically
unmutilated
unmuzzle
unmuzzled
unmuzzles
unmuzzling
unmuzzlings
unnail
unnailed
unnailing
unnails
unnamable
unnameable
unnamed
unnaneld
unnative
unnatural
unnaturalise
unnaturalised
unnaturalises
unnaturalising
unnaturalize
unnaturalized
unnaturalizes
unnaturalizing
unnaturally
unnaturalness
unnaturalnesses
unnavigable
unnavigated
unneath
unnecessarily
unnecessariness
unnecessarinesses
unnecessary
unneeded
unneedful
unneedfully
unneighboured
unneighbourliness
unneighbourlinesses
unneighbourly
unnerve
unnerved
unnerves
unnerving
unnest
unnested
unnesting
unnests
unnethes
unnetted
unnoble
unnobled
unnobles
unnobling
unnoted
unnoticeable
unnoticed
unnoticing
unnourished
unnourishing
unnumbered
unnurtured
unobedient
unobeyed
unobjectionable
unobjectionably
unobnoxious
unobscured
unobservable
unobservance
unobservances
unobservant
unobserved
unobservedly
unobserving
unobstructed
unobstructive
unobtainable
unobtained
unobtrusive
unobtrusively
unobtrusiveness
unobtrusivenesses
unobvious
unoccupied
unoffended
unoffending
unoffensive
unoffered
unofficered
unofficial
unofficially
unofficious
unoften
unoiled
unopened
unoperative
unopposed
unoppressive
unordained
unorder
unordered
unordering
unorderly
unorders
unordinary
unorganised
unorganized
unoriginal
unoriginalities
unoriginality
unoriginate
unoriginated
unornamental
unornamented
unorthodox
unorthodoxies
unorthodoxly
unorthodoxy
unossified
unostentatious
unostentatiously
unostentatiousness
unostentatiousnesses
unovercome
unoverthrown
unowed
unowned
unoxidised
unoxidized
unpaced
unpacified
unpack
unpacked
unpacker
unpackers
unpacking
unpackings
unpacks
unpaged
unpaid
unpained
unpainful
unpaint
unpaintable
unpainted
unpainting
unpaints
unpaired
unpalatable
unpalatably
unpalsied
unpampered
unpanel
unpanelled
unpanelling
unpanels
unpanged
unpannel
unpannelled
unpannelling
unpannels
unpaper
unpapered
unpapering
unpapers
unparadise
unparadised
unparadises
unparadising
unparagoned
unparallel
unparalleled
unpardonable
unpardonableness
unpardonablenesses
unpardonably
unpardoned
unpardoning
unpared
unparental
unparented
unparliamentary
unpartial
unpassable
unpassableness
unpassablenesses
unpassionate
unpassioned
unpasteurised
unpasteurized
unpastoral
unpastured
unpatented
unpathed
unpathetic
unpathwayed
unpatriotic
unpatriotically
unpatronised
unpatronized
unpatterned
unpaved
unpavilioned
unpay
unpayable
unpaying
unpays
unpeaceable
unpeaceableness
unpeaceablenesses
unpeaceful
unpeacefully
unpedigreed
unpeeled
unpeerable
unpeered
unpeg
unpegged
unpegging
unpegs
unpen
unpenned
unpennied
unpenning
unpens
unpensioned
unpent
unpeople
unpeopled
unpeoples
unpeopling
unpeppered
unperceivable
unperceivably
unperceived
unperceivedly
unperceptive
unperch
unperched
unperches
unperching
unperfect
unperfection
unperfections
unperfectly
unperfectness
unperfectnesses
unperforated
unperformed
unperforming
unperfumed
unperilous
unperishable
unperished
unperishing
unperjured
unperpetrated
unperplex
unperplexed
unperplexes
unperplexing
unpersecuted
unperson
unpersoned
unpersoning
unpersons
unpersuadable
unpersuadableness
unpersuadablenesses
unpersuaded
unpersuasive
unperturbed
unpervert
unperverted
unperverting
unperverts
unphilosophic
unphilosophical
unphilosophically
unphonetic
unpick
unpickable
unpicked
unpicking
unpicks
unpierced
unpillared
unpillowed
unpiloted
unpin
unpinked
unpinkt
unpinned
unpinning
unpins
unpitied
unpitiful
unpitifully
unpitifulness
unpitifulnesses
unpitying
unpityingly
unplace
unplaced
unplaces
unplacing
unplagued
unplained
unplait
unplaited
unplaiting
unplaits
unplanked
unplanned
unplanted
unplastered
unplausible
unplausibly
unplausive
unplayable
unplayed
unpleasant
unpleasantly
unpleasantness
unpleasantnesses
unpleasantries
unpleasantry
unpleased
unpleasing
unpleasingly
unpleasurable
unpleasurably
unpleated
unpledged
unpliable
unpliably
unpliant
unploughed
unplucked
unplug
unplugged
unplugging
unplugs
unplumb
unplumbed
unplumbing
unplumbs
unplume
unplumed
unplumes
unpluming
unpoetic
unpoetical
unpoetically
unpoeticalness
unpoeticalnesses
unpointed
unpoised
unpoison
unpoisoned
unpoisoning
unpoisons
unpolarisable
unpolarised
unpolarizable
unpolarized
unpoliced
unpolicied
unpolish
unpolishable
unpolished
unpolishes
unpolishing
unpolite
unpolitely
unpoliteness
unpolitenesses
unpolitic
unpolitical
unpolled
unpolluted
unpope
unpoped
unpopes
unpoping
unpopular
unpopularities
unpopularity
unpopularly
unpopulated
unpopulous
unportioned
unposed
unpossessed
unpossessing
unpossible
unposted
unpotable
unpowdered
unpracticable
unpractical
unpracticalities
unpracticality
unpractised
unpractisedness
unpractisednesses
unpraise
unpraised
unpraises
unpraiseworthy
unpraising
unpray
unprayed
unpraying
unprays
unpreach
unpreached
unpreaches
unpreaching
unprecedented
unprecedentedly
unprecise
unpredict
unpredictabilities
unpredictability
unpredictable
unpredictably
unpredicted
unpredicting
unpredicts
unpreferred
unpregnant
unprejudiced
unprelatical
unpremeditable
unpremeditated
unpremeditatedly
unpremeditatedness
unpremeditatednesses
unpremeditation
unpremeditations
unpreoccupied
unprepare
unprepared
unpreparedly
unpreparedness
unpreparednesses
unprepares
unpreparing
unprepossessed
unprepossessing
unprescribed
unpresentable
unpressed
unpresuming
unpresumptuous
unpretending
unpretendingly
unpretentious
unpretentiousness
unpretentiousnesses
unprettiness
unprettinesses
unpretty
unprevailing
unpreventable
unpreventableness
unpreventablenesses
unprevented
unpriced
unpriest
unpriested
unpriesting
unpriestly
unpriests
unprimed
unprincely
unprincipled
unprintable
unprinted
unprison
unprisoned
unprisoning
unprisons
unprivileged
unprizable
unprized
unprocedural
unprocessed
unproclaimed
unprocurable
unproduced
unproductive
unproductively
unproductiveness
unproductivenesses
unproductivities
unproductivity
unprofaned
unprofessed
unprofessional
unprofessionally
unprofitabilities
unprofitability
unprofitable
unprofitableness
unprofitablenesses
unprofitably
unprofited
unprofiting
unprogressive
unprogressively
unprogressiveness
unprogressivenesses
unprohibited
unprojected
unprolific
unpromised
unpromising
unpromisingly
unprompted
unpronounceable
unpronounced
unprop
unproper
unproperly
unpropertied
unprophetic
unprophetical
unpropitious
unpropitiously
unpropitiousness
unpropitiousnesses
unproportionable
unproportionably
unproportionate
unproportionately
unproportioned
unproposed
unpropped
unpropping
unprops
unprosperous
unprosperously
unprosperousness
unprosperousnesses
unprotected
unprotectedness
unprotectednesses
unprotestantise
unprotestantised
unprotestantises
unprotestantising
unprotestantize
unprotestantized
unprotestantizes
unprotestantizing
unprotested
unprotesting
unprovable
unproved
unproven
unprovide
unprovided
unprovidedly
unprovident
unprovides
unproviding
unprovisioned
unprovocative
unprovoke
unprovoked
unprovokedly
unprovokes
unprovoking
unpruned
unpublished
unpuckered
unpulled
unpunctual
unpunctualities
unpunctuality
unpunctuated
unpunishable
unpunishably
unpunished
unpurchasable
unpurchaseable
unpurchased
unpurged
unpurified
unpurposed
unpurse
unpursed
unpurses
unpursing
unpursued
unpurvaide
unpurveyed
unputdownable
unqualifiable
unqualified
unqualifiedly
unqualifiedness
unqualifiednesses
unqualifies
unqualify
unqualifying
unqualited
unqualitied
unquantified
unquantised
unquantized
unquarried
unqueen
unqueened
unqueening
unqueenlier
unqueenliest
unqueenlike
unqueenly
unqueens
unquelled
unquenchable
unquenchably
unquenched
unquestionable
unquestionably
unquestioned
unquestioning
unquickened
unquiet
unquieted
unquieting
unquietly
unquietness
unquietnesses
unquiets
unquotable
unquote
unquoted
unquotes
unquoting
unraced
unracked
unraised
unrake
unraked
unrakes
unraking
unransomed
unrated
unratified
unravel
unravelled
unraveller
unravellers
unravelling
unravellings
unravelment
unravelments
unravels
unravished
unrazored
unreachable
unreached
unreactive
unread
unreadable
unreadableness
unreadablenesses
unreadier
unreadiest
unreadily
unreadiness
unreadinesses
unready
unreal
unrealise
unrealised
unrealises
unrealising
unrealism
unrealisms
unrealistic
unrealities
unreality
unrealize
unrealized
unrealizes
unrealizing
unreally
unreaped
unreason
unreasonable
unreasonableness
unreasonablenesses
unreasonably
unreasoned
unreasoning
unreasoningly
unreasons
unreave
unreaved
unreaves
unreaving
unrebated
unrebuked
unrecallable
unrecalled
unrecalling
unrecapturable
unreceipted
unreceived
unreceptive
unreciprocated
unrecked
unreckonable
unreckoned
unreclaimable
unreclaimably
unreclaimed
unrecognisable
unrecognisably
unrecognised
unrecognising
unrecognizable
unrecognizably
unrecognized
unrecognizing
unrecollected
unrecommendable
unrecommended
unrecompensed
unreconcilable
unreconcilableness
unreconcilablenesses
unreconcilably
unreconciled
unreconciliable
unreconstructed
unrecorded
unrecounted
unrecoverable
unrecoverably
unrecovered
unrectified
unrecuring
unred
unredeemable
unredeemed
unredressed
unredrest
unreduced
unreducible
unredy
unreel
unreeled
unreeling
unreels
unreeve
unreeved
unreeves
unreeving
unrefined
unreflected
unreflecting
unreflectingly
unreflective
unreformable
unreformed
unrefracted
unrefreshed
unrefreshing
unrefuted
unregarded
unregarding
unregeneracies
unregeneracy
unregenerate
unregenerated
unregimented
unregistered
unregulated
unrehearsed
unrein
unreined
unreining
unreins
unrejoiced
unrejoicing
unrelated
unrelative
unrelaxed
unrelenting
unrelentingly
unrelentingness
unrelentingnesses
unrelentor
unrelentors
unreliabilities
unreliability
unreliable
unreliableness
unreliablenesses
unrelievable
unrelieved
unrelievedly
unreligious
unrelished
unreluctant
unremaining
unremarkable
unremarked
unremedied
unremembered
unremembering
unremitted
unremittedly
unremittent
unremittently
unremitting
unremittingly
unremittingness
unremittingnesses
unremorseful
unremorsefully
unremorseless
unremovable
unremoved
unremunerative
unrendered
unrenewed
unrent
unrepaid
unrepair
unrepairable
unrepaired
unrepairs
unrepealable
unrepealed
unrepeatable
unrepeated
unrepelled
unrepentance
unrepentances
unrepentant
unrepented
unrepenting
unrepentingly
unrepining
unrepiningly
unreplaceable
unreplenished
unreportable
unreported
unreposeful
unreposing
unrepresentative
unrepresented
unreprievable
unreprieved
unreprimanded
unreproached
unreproachful
unreproaching
unreproducible
unreprovable
unreproved
unreproving
unrepugnant
unrepulsable
unrequired
unrequisite
unrequited
unrequitedly
unrescinded
unresented
unresentful
unresenting
unreserve
unreserved
unreservedly
unreservedness
unreservednesses
unreserves
unresisted
unresistible
unresisting
unresistingly
unresolvable
unresolved
unresolvedness
unresolvednesses
unrespected
unrespective
unrespited
unresponsive
unresponsively
unresponsiveness
unresponsivenesses
unrest
unrestful
unrestfulness
unrestfulnesses
unresting
unrestingly
unrestingness
unrestingnesses
unrestored
unrestrainable
unrestrained
unrestrainedly
unrestraint
unrestraints
unrestricted
unrestrictedly
unrests
unretarded
unretentive
unretouched
unreturnable
unreturned
unreturning
unreturningly
unrevealable
unrevealed
unrevealing
unrevenged
unrevengeful
unreverend
unreverent
unreversed
unreverted
unrevised
unrevoked
unrewarded
unrewardedly
unrewarding
unrhymed
unrhythmical
unrhythmically
unribbed
unrid
unridable
unridden
unriddle
unriddleable
unriddled
unriddler
unriddlers
unriddles
unriddling
unrideable
unrifled
unrig
unrigged
unrigging
unright
unrighteous
unrighteously
unrighteousness
unrighteousnesses
unrightful
unrightfully
unrightfulness
unrightfulnesses
unrights
unrigs
unrimed
unringed
unrip
unripe
unripened
unripeness
unripenesses
unriper
unripest
unripped
unripping
unrippings
unrips
unrisen
unrivalled
unriven
unrivet
unriveted
unriveting
unrivets
unrobe
unrobed
unrobes
unrobing
unroll
unrolled
unrolling
unrolls
unromanised
unromanized
unromantic
unromantical
unromantically
unroof
unroofed
unroofing
unroofs
unroost
unroosted
unroosting
unroosts
unroot
unrooted
unrooting
unroots
unrope
unroped
unropes
unroping
unrosined
unrotted
unrotten
unrouged
unrough
unround
unrounded
unrounding
unrounds
unroused
unrove
unroyal
unroyally
unrubbed
unrude
unruffable
unruffe
unruffle
unruffled
unruffles
unruffling
unrule
unruled
unrules
unrulier
unruliest
unruliment
unruliments
unruliness
unrulinesses
unruly
unrumpled
uns
unsaddle
unsaddled
unsaddles
unsaddling
unsafe
unsafely
unsafeness
unsafenesses
unsafer
unsafest
unsafeties
unsafety
unsaid
unsailed
unsailorlike
unsained
unsaint
unsainted
unsainting
unsaintlier
unsaintliest
unsaintliness
unsaintlinesses
unsaintly
unsaints
unsalabilities
unsalability
unsalable
unsalaried
unsaleabilities
unsaleability
unsaleable
unsalted
unsaluted
unsalvageable
unsanctified
unsanctifies
unsanctify
unsanctifying
unsanctioned
unsandalled
unsanitary
unsapped
unsashed
unsatable
unsated
unsatiable
unsatiate
unsatiated
unsatiating
unsating
unsatirical
unsatisfaction
unsatisfactions
unsatisfactorily
unsatisfactoriness
unsatisfactorinesses
unsatisfactory
unsatisfiable
unsatisfied
unsatisfiedness
unsatisfiednesses
unsatisfying
unsatisfyingness
unsatisfyingnesses
unsaturated
unsaturation
unsaturations
unsaved
unsavourily
unsavouriness
unsavourinesses
unsavoury
unsay
unsayable
unsaying
unsays
unscabbard
unscabbarded
unscabbarding
unscabbards
unscalable
unscale
unscaled
unscales
unscaling
unscanned
unscarred
unscary
unscathed
unscavengered
unscented
unsceptred
unscheduled
unscholarlike
unscholarly
unschooled
unscientific
unscientifically
unscissored
unscorched
unscottified
unscoured
unscramble
unscrambled
unscrambles
unscrambling
unscratched
unscreened
unscrew
unscrewed
unscrewing
unscrews
unscripted
unscriptural
unscripturally
unscrupled
unscrupulous
unscrupulously
unscrupulousness
unscrupulousnesses
unscrutinised
unscrutinized
unsculptured
unscythed
unseal
unsealed
unsealing
unseals
unseam
unseamed
unseaming
unseams
unsearchable
unsearchableness
unsearchablenesses
unsearchably
unsearched
unseason
unseasonable
unseasonableness
unseasonablenesses
unseasonably
unseasoned
unseasoning
unseasons
unseat
unseated
unseating
unseats
unseaworthiness
unseaworthinesses
unseaworthy
unseconded
unsecret
unsectarian
unsectarianism
unsectarianisms
unsecular
unsecured
unseduced
unseeable
unseeded
unseeing
unseel
unseeled
unseeling
unseels
unseeming
unseemings
unseemlier
unseemliest
unseemliness
unseemlinesses
unseemly
unseen
unseens
unsegmented
unsegregated
unseizable
unseized
unseldom
unself
unselfconscious
unselfconsciously
unselfconsciousness
unselfconsciousnesses
unselfed
unselfing
unselfish
unselfishly
unselfishness
unselfishnesses
unselfs
unsellable
unselves
unseminaried
unsensational
unsense
unsensed
unsenses
unsensible
unsensibly
unsensing
unsensitised
unsensitive
unsensitized
unsensualise
unsensualised
unsensualises
unsensualising
unsensualize
unsensualized
unsensualizes
unsensualizing
unsent
unsentenced
unsentimental
unseparable
unseparated
unsepulchred
unserious
unserviceable
unset
unsets
unsetting
unsettle
unsettled
unsettledly
unsettledness
unsettlednesses
unsettlement
unsettlements
unsettles
unsettling
unsettlings
unsevered
unsew
unsewed
unsewing
unsewn
unsews
unsex
unsexed
unsexes
unsexing
unsexist
unsexual
unshackle
unshackled
unshackles
unshackling
unshaded
unshadow
unshadowable
unshadowed
unshadowing
unshadows
unshakable
unshakably
unshakeable
unshakeably
unshaked
unshaken
unshakenly
unshale
unshaled
unshales
unshaling
unshamed
unshape
unshaped
unshapelier
unshapeliest
unshapely
unshapen
unshapes
unshaping
unshared
unsharpened
unshaved
unshaven
unsheathe
unsheathed
unsheathes
unsheathing
unshed
unshell
unshelled
unshelling
unshells
unsheltered
unshent
unshewn
unshielded
unshifting
unshingled
unship
unshipped
unshipping
unships
unshockable
unshocked
unshod
unshoe
unshoed
unshoeing
unshoes
unshoot
unshooted
unshooting
unshoots
unshorn
unshot
unshout
unshouted
unshouting
unshouts
unshowered
unshown
unshrinkable
unshrinking
unshrinkingly
unshrived
unshriven
unshroud
unshrouded
unshrouding
unshrouds
unshrubbed
unshrubd
unshunnable
unshunned
unshut
unshuts
unshutter
unshuttered
unshuttering
unshutters
unshutting
unsicker
unsickled
unsifted
unsighing
unsight
unsighted
unsightlier
unsightliest
unsightliness
unsightlinesses
unsightly
unsigned
unsinew
unsinewed
unsinewing
unsinews
unsinkable
unsinnowed
unsistered
unsisterliness
unsisterlinesses
unsisterly
unsisting
unsizable
unsizeable
unsized
unskilful
unskilfully
unskilfulness
unskilfulnesses
unskilled
unskimmed
unskinned
unslain
unslaked
unsleeping
unsliced
unsling
unslinging
unslings
unslipping
unsluice
unsluiced
unsluices
unsluicing
unslumbering
unslumbrous
unslung
unsmart
unsmiling
unsmilingly
unsmirched
unsmitten
unsmooth
unsmoothed
unsmoothing
unsmooths
unsmote
unsmotherable
unsnap
unsnapped
unsnapping
unsnaps
unsnarl
unsnarled
unsnarling
unsnarls
unsneck
unsnecked
unsnecking
unsnecks
unsnuffed
unsoaped
unsociabilities
unsociability
unsociable
unsociableness
unsociablenesses
unsociably
unsocial
unsocialised
unsocialism
unsocialisms
unsocialities
unsociality
unsocialized
unsocially
unsocket
unsocketed
unsocketing
unsockets
unsod
unsodden
unsoft
unsoftened
unsoftening
unsoiled
unsolaced
unsold
unsolder
unsoldered
unsoldering
unsolders
unsoldierlike
unsoldierly
unsolemn
unsolicited
unsolicitous
unsolid
unsolidities
unsolidity
unsolidly
unsolvable
unsolved
unsonsy
unsoote
unsophisticate
unsophisticated
unsophisticatedness
unsophisticatednesses
unsophistication
unsophistications
unsorted
unsought
unsoul
unsouled
unsouling
unsouls
unsound
unsoundable
unsounded
unsounder
unsoundest
unsoundly
unsoundness
unsoundnesses
unsourced
unsoured
unsown
unspar
unspared
unsparing
unsparingly
unsparingness
unsparingnesses
unsparred
unsparring
unspars
unspeak
unspeakable
unspeakableness
unspeakablenesses
unspeakably
unspeaking
unspeaks
unspecialised
unspecialized
unspecific
unspecified
unspectacled
unspectacular
unspeculative
unsped
unspell
unspelled
unspelling
unspells
unspent
unsphere
unsphered
unspheres
unsphering
unspide
unspied
unspilled
unspilt
unspirited
unspiritual
unspiritualise
unspiritualised
unspiritualises
unspiritualising
unspiritualize
unspiritualized
unspiritualizes
unspiritualizing
unspiritually
unsplinterable
unspoiled
unspoilt
unspoke
unspoken
unsporting
unsportsmanlike
unspotted
unspottedness
unspottednesses
unsprinkled
unsprung
unspun
unsquared
unstable
unstableness
unstablenesses
unstabler
unstablest
unstack
unstacked
unstacking
unstacks
unstaid
unstaidness
unstaidnesses
unstainable
unstained
unstamped
unstanchable
unstanched
unstarch
unstarched
unstarches
unstarching
unstate
unstated
unstates
unstatesmanlike
unstating
unstatutable
unstatutably
unstaunchable
unstaunched
unstayed
unstaying
unsteadfast
unsteadfastly
unsteadfastness
unsteadfastnesses
unsteadied
unsteadier
unsteadies
unsteadiest
unsteadily
unsteadiness
unsteadinesses
unsteady
unsteadying
unsteel
unsteeled
unsteeling
unsteels
unstep
unstepped
unstepping
unsteps
unstercorated
unsterile
unsterilised
unsterilized
unstick
unsticking
unsticks
unstifled
unstigmatised
unstigmatized
unstilled
unstimulated
unstinted
unstinting
unstirred
unstitch
unstitched
unstitches
unstitching
unstock
unstocked
unstocking
unstockinged
unstocks
unstooping
unstop
unstoppable
unstoppably
unstopped
unstopper
unstoppered
unstoppering
unstoppers
unstopping
unstops
unstow
unstowed
unstowing
unstows
unstrained
unstrap
unstrapped
unstrapping
unstraps
unstratified
unstreamed
unstrengthened
unstressed
unstriated
unstring
unstringed
unstringing
unstrings
unstrip
unstriped
unstripped
unstripping
unstrips
unstruck
unstructured
unstrung
unstuck
unstudied
unstuffed
unstuffy
unstuft
unsubduable
unsubdued
unsubject
unsubjected
unsublimated
unsublimed
unsubmerged
unsubmissive
unsubmitting
unsubscribed
unsubsidised
unsubsidized
unsubstantial
unsubstantialise
unsubstantialised
unsubstantialises
unsubstantialising
unsubstantialities
unsubstantiality
unsubstantialize
unsubstantialized
unsubstantializes
unsubstantializing
unsubstantiated
unsubstantiation
unsubstantiations
unsubtle
unsucceeded
unsuccess
unsuccesses
unsuccessful
unsuccessfully
unsuccessfulness
unsuccessfulnesses
unsuccessive
unsuccoured
unsucked
unsufferable
unsufficient
unsuit
unsuitabilities
unsuitability
unsuitable
unsuitableness
unsuitablenesses
unsuitably
unsuited
unsuiting
unsuits
unsullied
unsummed
unsummered
unsummoned
unsung
unsunned
unsunny
unsuperfluous
unsupervised
unsupple
unsuppleness
unsupplenesses
unsupplied
unsupportable
unsupported
unsupportedly
unsupposable
unsuppressed
unsure
unsured
unsurer
unsurest
unsurfaced
unsurmised
unsurmountable
unsurpassable
unsurpassably
unsurpassed
unsurprised
unsurveyed
unsusceptible
unsuspect
unsuspected
unsuspectedly
unsuspectedness
unsuspectednesses
unsuspecting
unsuspectingly
unsuspectingness
unsuspectingnesses
unsuspended
unsuspicion
unsuspicions
unsuspicious
unsuspiciously
unsuspiciousness
unsuspiciousnesses
unsustainable
unsustained
unsustaining
unswaddle
unswaddled
unswaddles
unswaddling
unswallowed
unswathe
unswathed
unswathes
unswathing
unswayable
unswayed
unswear
unswearing
unswearings
unswears
unsweet
unsweetened
unswept
unswerving
unswervingly
unswore
unsworn
unsyllabled
unsymmetrical
unsymmetrically
unsymmetries
unsymmetrised
unsymmetrized
unsymmetry
unsympathetic
unsympathetically
unsympathies
unsympathising
unsympathizing
unsympathy
unsystematic
unsystematical
unsystematically
unsystematised
unsystematized
untack
untacked
untacking
untackle
untackled
untackles
untackling
untacks
untailed
untainted
untaintedly
untaintedness
untaintednesses
untainting
untaken
untalented
untamable
untamableness
untamablenesses
untamably
untame
untameable
untameableness
untameablenesses
untameably
untamed
untamedness
untamednesses
untames
untaming
untangible
untangle
untangled
untangles
untangling
untanned
untapped
untarnished
untarred
untasted
untasteful
untaught
untax
untaxed
untaxes
untaxing
unteach
unteachable
unteachableness
unteachablenesses
unteaches
unteaching
unteam
unteamed
unteaming
unteams
untearable
untechnical
untellable
untemper
untempered
untempering
untempers
untempted
untenabilities
untenability
untenable
untenableness
untenablenesses
untenant
untenantable
untenanted
untenanting
untenants
untended
untender
untendered
untenderly
untent
untented
untenting
untents
untenty
unterminated
unterrestrial
unterrified
unterrifying
untested
untether
untethered
untethering
untethers
unthanked
unthankful
unthankfully
unthankfulness
unthankfulnesses
unthatch
unthatched
unthatches
unthatching
unthaw
unthawed
unthawing
unthaws
untheological
unthickened
unthink
unthinkabilities
unthinkability
unthinkable
unthinking
unthinkingly
unthinkingness
unthinkingnesses
unthinks
unthorough
unthought
unthoughtful
unthoughtfully
unthoughtfulness
unthoughtfulnesses
unthread
unthreaded
unthreading
unthreads
unthreatened
unthrift
unthriftily
unthriftiness
unthriftinesses
unthrifts
unthrifty
unthriftyhead
unthriftyheads
unthriftyhed
unthriftyheds
unthrone
unthroned
unthrones
unthroning
untidied
untidier
untidies
untidiest
untidily
untidiness
untidinesses
untidy
untidying
untie
untied
unties
until
untile
untiled
untiles
untiling
untillable
untilled
untimbered
untimelier
untimeliest
untimeliness
untimelinesses
untimely
untimeous
untimeously
untin
untinctured
untinged
untinned
untinning
untins
untirable
untired
untiring
untiringly
untitled
unto
untochered
untoiling
untold
untomb
untombed
untombing
untombs
untoned
untormented
untorn
untortured
untouchable
untouchables
untouched
untoward
untowardliness
untowardlinesses
untowardly
untowardness
untowardnesses
untrace
untraceable
untraced
untraces
untracing
untracked
untractable
untractableness
untractablenesses
untraded
untrained
untrammelled
untrampled
untranquil
untransferable
untransferrable
untransformed
untranslatabilities
untranslatability
untranslatable
untranslatableness
untranslatablenesses
untranslatably
untranslated
untransmigrated
untransmissible
untransmitted
untransmutable
untransmuted
untransparent
untravelled
untraversable
untraversed
untread
untreading
untreads
untreasure
untreasured
untreasures
untreasuring
untreatable
untreated
untrembling
untremblingly
untremendous
untremulous
untrenched
untrespassing
untressed
untride
untried
untrim
untrimmed
untrimming
untrims
untrod
untrodden
untroubled
untroubledly
untrue
untrueness
untruenesses
untruer
untruest
untruism
untruisms
untruly
untruss
untrussed
untrusser
untrussers
untrusses
untrussing
untrussings
untrust
untrustful
untrustiness
untrustinesses
untrusts
untrustworthily
untrustworthiness
untrustworthinesses
untrustworthy
untrusty
untruth
untruthful
untruthfully
untruthfulness
untruthfulnesses
untruths
untuck
untucked
untuckered
untucking
untucks
untumbled
untumultuous
untunable
untunableness
untunablenesses
untunably
untune
untuneable
untuned
untuneful
untunefully
untunefulness
untunefulnesses
untunes
untuning
unturbid
unturf
unturfed
unturfing
unturfs
unturn
unturnable
unturned
unturning
unturns
untutored
untwine
untwined
untwines
untwining
untwist
untwisted
untwisting
untwistings
untwists
untying
untyings
untypable
untypical
untyreable
ununderstandable
unuplifted
unurged
unusable
unusably
unused
unuseful
unusefully
unusefulness
unusefulnesses
unushered
unusual
unusually
unusualness
unusualnesses
unutilised
unutilized
unutterable
unutterables
unutterably
unuttered
unvaccinated
unvail
unvaile
unvailed
unvailes
unvailing
unvails
unvaluable
unvalued
unvanquishable
unvanquished
unvariable
unvaried
unvariegated
unvarnished
unvarying
unveil
unveiled
unveiler
unveilers
unveiling
unveilings
unveils
unvendible
unvenerable
unvented
unventilated
unveracious
unveracities
unveracity
unverifiabilities
unverifiability
unverifiable
unverified
unversed
unvetted
unvexed
unviable
unviewed
unviolated
unvirtue
unvirtues
unvirtuous
unvirtuously
unvisitable
unvisited
unvisor
unvisored
unvisoring
unvisors
unvital
unvitiated
unvitrifiable
unvitrified
unvizard
unvizarded
unvizarding
unvizards
unvocal
unvocalised
unvocalized
unvoice
unvoiced
unvoices
unvoicing
unvoicings
unvoyageable
unvulgar
unvulgarise
unvulgarised
unvulgarises
unvulgarising
unvulgarize
unvulgarized
unvulgarizes
unvulgarizing
unvulnerable
unwaged
unwaked
unwakened
unwalled
unwandering
unwanted
unwarded
unware
unwarely
unwareness
unwarenesses
unwares
unwarie
unwarier
unwariest
unwarily
unwariness
unwarinesses
unwarlike
unwarmed
unwarned
unwarped
unwarrantable
unwarrantably
unwarranted
unwarrantedly
unwary
unwashed
unwashen
unwasted
unwasting
unwatched
unwatchful
unwatchfully
unwatchfulness
unwatchfulnesses
unwater
unwatered
unwatering
unwaters
unwatery
unwavering
unwaveringly
unwayed
unweakened
unweal
unweals
unweaned
unweapon
unweaponed
unweaponing
unweapons
unwearable
unweariable
unweariably
unwearied
unweariedly
unweary
unwearying
unwearyingly
unweathered
unweave
unweaves
unweaving
unwebbed
unwed
unwedded
unwedgable
unwedgeable
unweeded
unweened
unweeting
unweetingly
unweighed
unweighing
unwelcome
unwelcomed
unwelcomely
unwelcomeness
unwelcomenesses
unweldy
unwell
unwellness
unwellnesses
unwept
unwet
unwetted
unwhipped
unwhipt
unwhistleable
unwholesome
unwholesomely
unwholesomeness
unwholesomenesses
unwieldier
unwieldiest
unwieldily
unwieldiness
unwieldinesses
unwieldy
unwifelier
unwifeliest
unwifelike
unwifely
unwigged
unwilful
unwill
unwilled
unwilling
unwillingly
unwillingness
unwillingnesses
unwills
unwind
unwinding
unwindings
unwinds
unwinged
unwinking
unwinkingly
unwinnowed
unwiped
unwire
unwired
unwires
unwiring
unwisdom
unwisdoms
unwise
unwisely
unwiseness
unwisenesses
unwiser
unwisest
unwish
unwished
unwishes
unwishful
unwishing
unwist
unwit
unwitch
unwitched
unwitches
unwitching
unwithdrawing
unwithered
unwithering
unwithheld
unwithholden
unwithholding
unwithstood
unwitnessed
unwits
unwitted
unwittily
unwitting
unwittingly
unwittingness
unwittingnesses
unwitty
unwive
unwived
unwives
unwiving
unwoman
unwomaned
unwomaning
unwomanlier
unwomanliest
unwomanliness
unwomanlinesses
unwomanly
unwomans
unwon
unwont
unwonted
unwontedly
unwontedness
unwontednesses
unwooded
unwooed
unworded
unwork
unworkable
unworked
unworking
unworkmanlike
unworks
unworldlier
unworldliest
unworldliness
unworldlinesses
unworldly
unwormed
unworn
unworried
unworshipful
unworshipped
unworth
unworthier
unworthiest
unworthily
unworthiness
unworthinesses
unworths
unworthy
unwound
unwoundable
unwounded
unwove
unwoven
unwrap
unwrapped
unwrapping
unwraps
unwreaked
unwreathe
unwreathed
unwreathes
unwreathing
unwrinkle
unwrinkled
unwrinkles
unwrinkling
unwrite
unwrites
unwriting
unwritten
unwrote
unwrought
unwrung
unyeaned
unyielding
unyieldingly
unyieldingness
unyieldingnesses
unyoke
unyoked
unyokes
unyoking
unzealous
unzip
unzipped
unzipping
unzips
unzoned
up
upadaisy
upaithric
upas
upases
upbear
upbearing
upbears
upbeat
upbind
upbinding
upbinds
upblew
upblow
upblowing
upblown
upblows
upboil
upboiled
upboiling
upboils
upbore
upborne
upbound
upbounden
upbraid
upbraided
upbraider
upbraiders
upbraiding
upbraidings
upbraids
upbrast
upbray
upbrayed
upbraying
upbrays
upbreak
upbreaking
upbreaks
upbring
upbringing
upbringings
upbrings
upbroke
upbroken
upbrought
upbuild
upbuilding
upbuildings
upbuilds
upbuilt
upbuoyance
upbuoyances
upburning
upburst
upbursting
upbursts
upby
upbye
upcast
upcasting
upcasts
upcatch
upcatches
upcatching
upcaught
upcheard
upcheer
upcheered
upcheering
upcheers
upchuck
upchucked
upchucking
upchucks
upclimb
upclimbed
upclimbing
upclimbs
upclose
upclosed
upcloses
upclosing
upcoast
upcoil
upcoiled
upcoiling
upcoils
upcome
upcomes
upcoming
upcurl
upcurled
upcurling
upcurls
upcurved
update
updated
updates
updating
updrag
updragged
updragging
updrags
updraw
updrawing
updrawn
updraws
updrew
upend
upended
upending
upends
upfill
upfilled
upfilling
upfillings
upfills
upflashing
upflow
upflowed
upflowing
upflows
upflung
upfollow
upfollowed
upfollowing
upfollows
upfront
upfurl
upfurled
upfurling
upfurls
upgang
upgangs
upgather
upgathered
upgathering
upgathers
upgaze
upgazed
upgazes
upgazing
upgo
upgoes
upgoing
upgoings
upgone
upgradabilities
upgradability
upgradable
upgradation
upgradations
upgrade
upgradeabilities
upgradeability
upgradeable
upgraded
upgrader
upgraders
upgrades
upgrading
upgrew
upgrow
upgrowing
upgrowings
upgrown
upgrows
upgrowth
upgrowths
upgush
upgushed
upgushes
upgushing
uphand
uphang
uphanging
uphangs
uphaud
uphauding
uphauds
upheap
upheaped
upheaping
upheapings
upheaps
upheaval
upheavals
upheave
upheaved
upheaves
upheaving
upheld
uphild
uphill
uphills
uphillward
uphoard
uphoarded
uphoarding
uphoards
uphoist
uphoisted
uphoisting
uphoists
uphold
upholder
upholders
upholding
upholdings
upholds
upholster
upholstered
upholsterer
upholsterers
upholsteries
upholstering
upholsters
upholstery
upholstress
upholstresses
uphoord
uphoorded
uphoording
uphoords
uphroe
uphroes
uphudden
uphung
uphurl
uphurled
uphurling
uphurls
upjet
upjets
upjetted
upjetting
upkeep
upkeeps
upknit
upknits
upknitted
upknitting
uplaid
upland
uplander
uplanders
uplandish
uplands
uplay
uplaying
uplays
uplead
upleading
upleads
uplean
upleaned
upleaning
upleans
upleant
upleap
upleaped
upleaping
upleaps
upleapt
upled
uplift
uplifted
uplifter
uplifters
uplifting
upliftingly
upliftings
uplifts
uplighted
uplighter
uplighters
uplink
uplinking
uplinkings
uplinks
upload
uploaded
uploading
uploads
uplock
uplocked
uplocking
uplocks
uplook
uplooked
uplooking
uplooks
uplying
upmake
upmaker
upmakers
upmakes
upmaking
upmakings
upmanship
upmanships
upmost
upon
upped
upper
uppercut
uppercuts
uppermost
uppers
upperworks
uppiled
upping
uppings
uppish
uppishly
uppishness
uppishnesses
uppity
upraise
upraised
upraises
upraising
upran
uprate
uprated
uprates
uprating
uprear
upreared
uprearing
uprears
uprest
uprests
upright
uprighted
uprighteously
uprighting
uprightly
uprightness
uprightnesses
uprights
uprisal
uprisals
uprise
uprisen
uprises
uprising
uprisings
uprist
uprists
upriver
uproar
uproared
uproaring
uproarious
uproariously
uproariousness
uproariousnesses
uproars
uproll
uprolled
uprolling
uprolls
uproot
uprootal
uprootals
uprooted
uprooter
uprooters
uprooting
uprootings
uproots
uprose
uprouse
uproused
uprouses
uprousing
uprun
uprunning
upruns
uprush
uprushed
uprushes
uprushing
upryst
ups
upscale
upsee
upsees
upsend
upsending
upsends
upsent
upset
upsets
upsetter
upsetters
upsetting
upsettings
upsey
upseys
upshoot
upshooting
upshoots
upshot
upshots
upside
upsideowne
upsides
upsies
upsilon
upsilons
upsitting
upsittings
upspake
upspeak
upspeaking
upspeaks
upspear
upspeared
upspearing
upspears
upspoke
upspoken
upsprang
upspring
upspringing
upsprings
upsprung
upstage
upstaged
upstages
upstaging
upstair
upstairs
upstand
upstanding
upstands
upstare
upstared
upstares
upstaring
upstart
upstarted
upstarting
upstarts
upstate
upstay
upstayed
upstaying
upstays
upstood
upstream
upstreamed
upstreaming
upstreams
upstroke
upstrokes
upsurge
upsurged
upsurgence
upsurgences
upsurges
upsurging
upswarm
upswarmed
upswarming
upswarms
upsway
upswayed
upswaying
upsways
upsweep
upsweeps
upswell
upswelled
upswelling
upswells
upswept
upswing
upswings
upswollen
upsy
uptak
uptake
uptaken
uptakes
uptaking
uptaks
uptear
uptearing
uptears
upthrew
upthrow
upthrowing
upthrown
upthrows
upthrust
upthrusting
upthrusts
upthunder
upthundered
upthundering
upthunders
uptie
uptied
upties
uptight
uptighter
uptightest
uptilt
uptilted
uptilting
uptilts
uptook
uptore
uptorn
uptown
uptowner
uptowners
uptowns
uptrain
uptrained
uptraining
uptrains
uptrend
uptrends
uptrilled
upturn
upturned
upturning
upturnings
upturns
uptying
upvaluation
upvaluations
upvalue
upvalued
upvalues
upvaluing
upwaft
upwafted
upwafting
upwafts
upward
upwardly
upwardness
upwardnesses
upwards
upwell
upwelled
upwelling
upwellings
upwells
upwent
upwhirl
upwhirled
upwhirling
upwhirls
upwind
upwinding
upwinds
upwound
upwrap
upwraps
upwrought
ur
urachi
urachus
urachuses
uracil
uracils
uraei
uraemia
uraemias
uraemic
uraeus
uraeuses
urali
uralis
uralite
uralites
uralitic
uralitisation
uralitisations
uralitise
uralitised
uralitises
uralitising
uralitization
uralitizations
uralitize
uralitized
uralitizes
uralitizing
uranalyses
uranalysis
uranian
uranic
uranide
uranides
uranin
uraninite
uraninites
uranins
uranisci
uraniscus
uranism
uranisms
uranite
uranites
uranitic
uranium
uraniums
uranographer
uranographers
uranographic
uranographical
uranographies
uranographist
uranographists
uranography
uranologies
uranology
uranometries
uranometry
uranoplasties
uranoplasty
uranous
uranyl
uranylic
uranyls
urao
uraos
urari
uraris
urate
urates
urban
urbane
urbanely
urbaneness
urbanenesses
urbaner
urbanest
urbanisation
urbanisations
urbanise
urbanised
urbanises
urbanising
urbanistic
urbanite
urbanites
urbanities
urbanity
urbanization
urbanizations
urbanize
urbanized
urbanizes
urbanizing
urbanologies
urbanologist
urbanologists
urbanology
urceolate
urceoli
urceolus
urceoluses
urchin
urchins
urd
urde
urdee
urds
urdy
ure
urea
ureal
ureas
uredia
uredine
uredines
uredinia
uredinial
urediniospore
urediniospores
uredinium
uredinous
urediospore
urediospores
uredium
uredo
uredosori
uredosorus
uredospore
uredospores
ureic
ureide
ureides
uremia
uremias
uremic
urena
urenas
urent
ures
ureses
uresis
ureter
ureteral
ureteric
ureteritis
ureteritises
ureters
urethan
urethane
urethanes
urethans
urethra
urethrae
urethral
urethras
urethritic
urethritis
urethritises
urethroscope
urethroscopes
urethroscopic
urethroscopies
urethroscopy
uretic
urge
urged
urgence
urgences
urgencies
urgency
urgent
urgently
urger
urgers
urges
urging
urgings
urial
urials
uric
uricase
uricases
uridine
uridines
urinal
urinals
urinalyses
urinalysis
urinant
urinaries
urinary
urinate
urinated
urinates
urinating
urination
urinations
urinative
urinator
urinators
urine
urined
urines
uriniferous
urining
uriniparous
urinogenital
urinologies
urinology
urinometer
urinometers
urinoscopies
urinoscopy
urinose
urinous
urite
urites
urman
urmans
urn
urnal
urned
urnfield
urnfields
urnful
urnfuls
urning
urnings
urns
urochord
urochordal
urochordate
urochordates
urochords
urochrome
urochromes
urodelan
urodelans
urodele
urodeles
urodelous
urogenital
urogenous
urographic
urographies
urography
urokinase
urokinases
urolagnia
urolagnias
urolith
urolithiases
urolithiasis
urolithic
uroliths
urologic
urological
urologies
urologist
urologists
urology
uromere
uromeres
uropod
uropods
uropoieses
uropoiesis
uropygia
uropygial
uropygium
uropygiums
uroscopic
uroscopies
uroscopist
uroscopists
uroscopy
uroses
urosis
urosome
urosomes
urostege
urosteges
urostegite
urostegites
urosthenic
urostomies
urostomy
urostyle
urostyles
ursine
urson
ursons
urtext
urtexts
urtica
urticaceous
urticant
urticaria
urticarial
urticarias
urticarious
urticas
urticate
urticated
urticates
urticating
urtication
urtications
urubu
urubus
urus
uruses
urva
urvas
us
usabilities
usability
usable
usableness
usablenesses
usably
usage
usager
usagers
usages
usance
usances
use
used
useful
usefully
usefulness
usefulnesses
useless
uselessly
uselessness
uselessnesses
user
users
uses
usher
ushered
usheress
usheresses
usherette
usherettes
ushering
usherings
ushers
ushership
usherships
using
usnea
usneas
usquebaugh
usquebaughs
ustilagineous
ustilaginous
ustion
ustions
ustulation
ustulations
usual
usually
usualness
usualnesses
usuals
usucapient
usucapients
usucapion
usucapions
usucapt
usucapted
usucaptible
usucapting
usucaption
usucaptions
usucapts
usufruct
usufructed
usufructing
usufructs
usufructuaries
usufructuary
usure
usured
usurer
usurers
usures
usuress
usuresses
usuries
usuring
usurious
usuriously
usuriousness
usuriousnesses
usurous
usurp
usurpation
usurpations
usurpative
usurpatory
usurpature
usurpatures
usurped
usurpedly
usurper
usurpers
usurping
usurpingly
usurpings
usurps
usury
usward
uswards
ut
utas
utases
ute
utensil
utensils
uterectomies
uterectomy
uteri
uterine
uteritis
uteritises
uterogestation
uterogestations
uterotomies
uterotomy
uterus
utes
utile
utilisable
utilisation
utilisations
utilise
utilised
utiliser
utilisers
utilises
utilising
utilitarian
utilitarianise
utilitarianised
utilitarianises
utilitarianising
utilitarianism
utilitarianisms
utilitarianize
utilitarianized
utilitarianizes
utilitarianizing
utilitarians
utilities
utility
utilizable
utilization
utilizations
utilize
utilized
utilizer
utilizers
utilizes
utilizing
utis
utises
utmost
utmosts
utopia
utopian
utopianise
utopianised
utopianiser
utopianisers
utopianises
utopianising
utopianism
utopianisms
utopianize
utopianized
utopianizer
utopianizers
utopianizes
utopianizing
utopians
utopias
utopiast
utopiasts
utopism
utopisms
utopist
utopists
utricle
utricles
utricular
utricularia
utricularias
utriculi
utriculus
uts
utter
utterable
utterableness
utterablenesses
utterance
utterances
uttered
utterer
utterers
utterest
uttering
utterings
utterless
utterly
uttermost
uttermosts
utterness
utternesses
utters
uva
uvae
uvarovite
uvarovites
uvas
uvea
uveal
uveas
uveitic
uveitis
uveitises
uveous
uvula
uvulae
uvular
uvularly
uvulas
uvulitis
uvulitises
uxorial
uxorially
uxoricidal
uxoricide
uxoricides
uxorilocal
uxorious
uxoriously
uxoriousness
uxoriousnesses
